<?xml version="1.0" encoding="UTF-8"?>
<!-- Generated by org.testng.reporters.JUnitReportReporter -->
<testsuite hostname="user1" failures="1" tests="2" name="runners.BookSearchRunner" time="16.852" errors="0" timestamp="2025-04-09T17:32:06 IST" skipped="0">
  <testcase classname="runners.BookSearchRunner" name="runScenario" time="7.818">
    <failure message="expected [true] but found [false]" type="java.lang.AssertionError">
      <![CDATA[java.lang.AssertionError: expected [true] but found [false]
at org.testng.Assert.fail(Assert.java:111)
at org.testng.Assert.failNotEquals(Assert.java:1590)
at org.testng.Assert.assertTrue(Assert.java:57)
at org.testng.Assert.assertTrue(Assert.java:67)
at stepDefinitions.BookSearchSteps.should_display_the_crime_thrillers_result_page(BookSearchSteps.java:47)
at âœ½.Should display the Crime & Thrillers result page(file:///C:/workspace/Cucumber_Testng_Project/./src/test/resources/features/BookSearch.feature:13)
]]>
    </failure>
  </testcase> <!-- runScenario -->
  <testcase classname="runners.BookSearchRunner" name="runScenario" time="9.034"/>
</testsuite> <!-- runners.BookSearchRunner -->
